[RESTART (version 1) 13:04:59] --------------------------------------------------------------------
[INFO (version 1) 13:04:59] The server was restarted
[INFO (version 1) 13:04:59] /data/db/msf.db (sqlite) took 608 ms to connect
[RESTART (version 1) 13:05:42] --------------------------------------------------------------------
[INFO (version 1) 13:05:42] /data/db/msf.db (sqlite) took 601 ms to connect
[RESTART (version 1) 13:06:02] --------------------------------------------------------------------
[INFO (version 1) 13:06:02] msf.db (sqlite) took 599 ms to connect
[RESTART (version 1) 13:06:50] --------------------------------------------------------------------
[INFO (version 1) 13:06:50] msf.db (sqlite) took 601 ms to connect
SLF4J: Failed to load class "org.slf4j.impl.StaticLoggerBinder".
SLF4J: Defaulting to no-operation (NOP) logger implementation
SLF4J: See http://www.slf4j.org/codes.html#StaticLoggerBinder for further details.
[RESTART (version 1) 13:10:53] --------------------------------------------------------------------
[INFO (version 1) 13:10:53] msf.db (sqlite) took 619 ms to connect
SLF4J: Failed to load class "org.slf4j.impl.StaticLoggerBinder".
SLF4J: Defaulting to no-operation (NOP) logger implementation
SLF4J: See http://www.slf4j.org/codes.html#StaticLoggerBinder for further details.
[RESTART (version 1) 13:11:39] --------------------------------------------------------------------
[INFO (version 1) 13:11:39] msf.db (sqlite) took 602 ms to connect
SLF4J: Failed to load class "org.slf4j.impl.StaticLoggerBinder".
SLF4J: Defaulting to no-operation (NOP) logger implementation
SLF4J: See http://www.slf4j.org/codes.html#StaticLoggerBinder for further details.
[RESTART (version 1) 13:11:56] --------------------------------------------------------------------
[INFO (version 1) 13:11:56] msf.db (sqlite) took 610 ms to connect
SLF4J: Failed to load class "org.slf4j.impl.StaticLoggerBinder".
SLF4J: Defaulting to no-operation (NOP) logger implementation
SLF4J: See http://www.slf4j.org/codes.html#StaticLoggerBinder for further details.
[RESTART (version 1) 13:12:30] --------------------------------------------------------------------
[INFO (version 1) 13:12:30] msf.db (sqlite) took 598 ms to connect
SLF4J: Failed to load class "org.slf4j.impl.StaticLoggerBinder".
SLF4J: Defaulting to no-operation (NOP) logger implementation
SLF4J: See http://www.slf4j.org/codes.html#StaticLoggerBinder for further details.
[RESTART (version 1) 13:12:48] --------------------------------------------------------------------
[INFO (version 1) 13:12:48] msf.db (sqlite) took 606 ms to connect
SLF4J: Failed to load class "org.slf4j.impl.StaticLoggerBinder".
SLF4J: Defaulting to no-operation (NOP) logger implementation
SLF4J: See http://www.slf4j.org/codes.html#StaticLoggerBinder for further details.
[RESTART (version 1) 13:22:34] --------------------------------------------------------------------
[INFO (version 1) 13:22:34] msf.db (sqlite) took 615 ms to connect
SLF4J: Failed to load class "org.slf4j.impl.StaticLoggerBinder".
SLF4J: Defaulting to no-operation (NOP) logger implementation
SLF4J: See http://www.slf4j.org/codes.html#StaticLoggerBinder for further details.
[RESTART (version 1) 13:22:59] --------------------------------------------------------------------
[INFO (version 1) 13:22:59] msf.db (sqlite) took 615 ms to connect
SLF4J: Failed to load class "org.slf4j.impl.StaticLoggerBinder".
SLF4J: Defaulting to no-operation (NOP) logger implementation
SLF4J: See http://www.slf4j.org/codes.html#StaticLoggerBinder for further details.
[RESTART (version 1) 13:25:39] --------------------------------------------------------------------
[INFO (version 1) 13:25:39] msf.db (sqlite) took 598 ms to connect
SLF4J: Failed to load class "org.slf4j.impl.StaticLoggerBinder".
SLF4J: Defaulting to no-operation (NOP) logger implementation
SLF4J: See http://www.slf4j.org/codes.html#StaticLoggerBinder for further details.
[RESTART (version 1) 13:45:17] --------------------------------------------------------------------
[INFO (version 1) 13:45:17] msf.db (sqlite) took 632 ms to connect
SLF4J: Failed to load class "org.slf4j.impl.StaticLoggerBinder".
SLF4J: Defaulting to no-operation (NOP) logger implementation
SLF4J: See http://www.slf4j.org/codes.html#StaticLoggerBinder for further details.
[RESTART (version 1) 13:49:22] --------------------------------------------------------------------
[INFO (version 1) 13:49:22] msf.db (sqlite) took 608 ms to connect
SLF4J: Failed to load class "org.slf4j.impl.StaticLoggerBinder".
SLF4J: Defaulting to no-operation (NOP) logger implementation
SLF4J: See http://www.slf4j.org/codes.html#StaticLoggerBinder for further details.
[RESTART (version 1) 13:50:23] --------------------------------------------------------------------
[INFO (version 1) 13:50:23] msf.db (sqlite) took 611 ms to connect
SLF4J: Failed to load class "org.slf4j.impl.StaticLoggerBinder".
SLF4J: Defaulting to no-operation (NOP) logger implementation
SLF4J: See http://www.slf4j.org/codes.html#StaticLoggerBinder for further details.
[RESTART (version 1) 13:50:48] --------------------------------------------------------------------
[INFO (version 1) 13:50:48] msf.db (sqlite) took 613 ms to connect
SLF4J: Failed to load class "org.slf4j.impl.StaticLoggerBinder".
SLF4J: Defaulting to no-operation (NOP) logger implementation
SLF4J: See http://www.slf4j.org/codes.html#StaticLoggerBinder for further details.
[RESTART (version 1) 13:51:33] --------------------------------------------------------------------
[INFO (version 1) 13:51:33] msf.db (sqlite) took 607 ms to connect
SLF4J: Failed to load class "org.slf4j.impl.StaticLoggerBinder".
SLF4J: Defaulting to no-operation (NOP) logger implementation
SLF4J: See http://www.slf4j.org/codes.html#StaticLoggerBinder for further details.
[RESTART (version 1) 13:55:07] --------------------------------------------------------------------
[INFO (version 1) 13:55:07] msf.db (sqlite) took 610 ms to connect
SLF4J: Failed to load class "org.slf4j.impl.StaticLoggerBinder".
SLF4J: Defaulting to no-operation (NOP) logger implementation
SLF4J: See http://www.slf4j.org/codes.html#StaticLoggerBinder for further details.
[RESTART (version 1) 13:56:08] --------------------------------------------------------------------
[INFO (version 1) 13:56:08] msf.db (sqlite) took 617 ms to connect
SLF4J: Failed to load class "org.slf4j.impl.StaticLoggerBinder".
SLF4J: Defaulting to no-operation (NOP) logger implementation
SLF4J: See http://www.slf4j.org/codes.html#StaticLoggerBinder for further details.
[RESTART (version 1) 13:58:52] --------------------------------------------------------------------
[INFO (version 1) 13:58:52] msf.db (sqlite) took 618 ms to connect
SLF4J: Failed to load class "org.slf4j.impl.StaticLoggerBinder".
SLF4J: Defaulting to no-operation (NOP) logger implementation
SLF4J: See http://www.slf4j.org/codes.html#StaticLoggerBinder for further details.
[RESTART (version 1) 14:00:09] --------------------------------------------------------------------
[INFO (version 1) 14:00:09] msf.db (sqlite) took 610 ms to connect
SLF4J: Failed to load class "org.slf4j.impl.StaticLoggerBinder".
SLF4J: Defaulting to no-operation (NOP) logger implementation
SLF4J: See http://www.slf4j.org/codes.html#StaticLoggerBinder for further details.
[RESTART (version 1) 14:01:12] --------------------------------------------------------------------
[INFO (version 1) 14:01:12] msf.db (sqlite) took 598 ms to connect
SLF4J: Failed to load class "org.slf4j.impl.StaticLoggerBinder".
SLF4J: Defaulting to no-operation (NOP) logger implementation
SLF4J: See http://www.slf4j.org/codes.html#StaticLoggerBinder for further details.
[RESTART (version 1) 14:01:59] --------------------------------------------------------------------
[INFO (version 1) 14:01:59] msf.db (sqlite) took 621 ms to connect
SLF4J: Failed to load class "org.slf4j.impl.StaticLoggerBinder".
SLF4J: Defaulting to no-operation (NOP) logger implementation
SLF4J: See http://www.slf4j.org/codes.html#StaticLoggerBinder for further details.
[RESTART (version 1) 14:02:42] --------------------------------------------------------------------
[INFO (version 1) 14:02:42] msf.db (sqlite) took 606 ms to connect
SLF4J: Failed to load class "org.slf4j.impl.StaticLoggerBinder".
SLF4J: Defaulting to no-operation (NOP) logger implementation
SLF4J: See http://www.slf4j.org/codes.html#StaticLoggerBinder for further details.
java.lang.NullPointerException
	at web.api.Patient.doGet(Patient.java:42)
	at javax.servlet.http.HttpServlet.service(HttpServlet.java:668)
	at javax.servlet.http.HttpServlet.service(HttpServlet.java:770)
	at org.eclipse.jetty.servlet.ServletHolder.handle(ServletHolder.java:696)
	at org.eclipse.jetty.servlet.ServletHandler.doHandle(ServletHandler.java:521)
	at org.eclipse.jetty.servlet.ServletHandler.doScope(ServletHandler.java:450)
	at org.eclipse.jetty.server.handler.ScopedHandler.handle(ScopedHandler.java:136)
	at org.eclipse.jetty.server.handler.HandlerWrapper.handle(HandlerWrapper.java:97)
	at org.eclipse.jetty.server.Server.handle(Server.java:446)
	at org.eclipse.jetty.server.HttpChannel.handle(HttpChannel.java:271)
	at org.eclipse.jetty.server.HttpConnection.onFillable(HttpConnection.java:246)
	at org.eclipse.jetty.io.AbstractConnection$ReadCallback.run(AbstractConnection.java:358)
	at org.eclipse.jetty.util.thread.QueuedThreadPool.runJob(QueuedThreadPool.java:601)
	at org.eclipse.jetty.util.thread.QueuedThreadPool$3.run(QueuedThreadPool.java:532)
	at java.lang.Thread.run(Thread.java:745)
java.lang.NullPointerException
	at web.api.Patient.doGet(Patient.java:42)
	at javax.servlet.http.HttpServlet.service(HttpServlet.java:668)
	at javax.servlet.http.HttpServlet.service(HttpServlet.java:770)
	at org.eclipse.jetty.servlet.ServletHolder.handle(ServletHolder.java:696)
	at org.eclipse.jetty.servlet.ServletHandler.doHandle(ServletHandler.java:521)
	at org.eclipse.jetty.servlet.ServletHandler.doScope(ServletHandler.java:450)
	at org.eclipse.jetty.server.handler.ScopedHandler.handle(ScopedHandler.java:136)
	at org.eclipse.jetty.server.handler.HandlerWrapper.handle(HandlerWrapper.java:97)
	at org.eclipse.jetty.server.Server.handle(Server.java:446)
	at org.eclipse.jetty.server.HttpChannel.handle(HttpChannel.java:271)
	at org.eclipse.jetty.server.HttpConnection.onFillable(HttpConnection.java:246)
	at org.eclipse.jetty.io.AbstractConnection$ReadCallback.run(AbstractConnection.java:358)
	at org.eclipse.jetty.util.thread.QueuedThreadPool.runJob(QueuedThreadPool.java:601)
	at org.eclipse.jetty.util.thread.QueuedThreadPool$3.run(QueuedThreadPool.java:532)
	at java.lang.Thread.run(Thread.java:745)
java.lang.NullPointerException
	at web.api.Patient.doGet(Patient.java:42)
	at javax.servlet.http.HttpServlet.service(HttpServlet.java:668)
	at javax.servlet.http.HttpServlet.service(HttpServlet.java:770)
	at org.eclipse.jetty.servlet.ServletHolder.handle(ServletHolder.java:696)
	at org.eclipse.jetty.servlet.ServletHandler.doHandle(ServletHandler.java:521)
	at org.eclipse.jetty.servlet.ServletHandler.doScope(ServletHandler.java:450)
	at org.eclipse.jetty.server.handler.ScopedHandler.handle(ScopedHandler.java:136)
	at org.eclipse.jetty.server.handler.HandlerWrapper.handle(HandlerWrapper.java:97)
	at org.eclipse.jetty.server.Server.handle(Server.java:446)
	at org.eclipse.jetty.server.HttpChannel.handle(HttpChannel.java:271)
	at org.eclipse.jetty.server.HttpConnection.onFillable(HttpConnection.java:246)
	at org.eclipse.jetty.io.AbstractConnection$ReadCallback.run(AbstractConnection.java:358)
	at org.eclipse.jetty.util.thread.QueuedThreadPool.runJob(QueuedThreadPool.java:601)
	at org.eclipse.jetty.util.thread.QueuedThreadPool$3.run(QueuedThreadPool.java:532)
	at java.lang.Thread.run(Thread.java:745)
[RESTART (version 1) 14:03:38] --------------------------------------------------------------------
[INFO (version 1) 14:03:38] msf.db (sqlite) took 607 ms to connect
SLF4J: Failed to load class "org.slf4j.impl.StaticLoggerBinder".
SLF4J: Defaulting to no-operation (NOP) logger implementation
SLF4J: See http://www.slf4j.org/codes.html#StaticLoggerBinder for further details.
java.lang.NullPointerException
	at web.api.Patient.doGet(Patient.java:42)
	at javax.servlet.http.HttpServlet.service(HttpServlet.java:668)
	at javax.servlet.http.HttpServlet.service(HttpServlet.java:770)
	at org.eclipse.jetty.servlet.ServletHolder.handle(ServletHolder.java:696)
	at org.eclipse.jetty.servlet.ServletHandler.doHandle(ServletHandler.java:521)
	at org.eclipse.jetty.servlet.ServletHandler.doScope(ServletHandler.java:450)
	at org.eclipse.jetty.server.handler.ScopedHandler.handle(ScopedHandler.java:136)
	at org.eclipse.jetty.server.handler.HandlerWrapper.handle(HandlerWrapper.java:97)
	at org.eclipse.jetty.server.Server.handle(Server.java:446)
	at org.eclipse.jetty.server.HttpChannel.handle(HttpChannel.java:271)
	at org.eclipse.jetty.server.HttpConnection.onFillable(HttpConnection.java:246)
	at org.eclipse.jetty.io.AbstractConnection$ReadCallback.run(AbstractConnection.java:358)
	at org.eclipse.jetty.util.thread.QueuedThreadPool.runJob(QueuedThreadPool.java:601)
	at org.eclipse.jetty.util.thread.QueuedThreadPool$3.run(QueuedThreadPool.java:532)
	at java.lang.Thread.run(Thread.java:745)
[RESTART (version 1) 14:04:51] --------------------------------------------------------------------
[INFO (version 1) 14:04:51] msf.db (sqlite) took 613 ms to connect
SLF4J: Failed to load class "org.slf4j.impl.StaticLoggerBinder".
SLF4J: Defaulting to no-operation (NOP) logger implementation
SLF4J: See http://www.slf4j.org/codes.html#StaticLoggerBinder for further details.
[RESTART (version 1) 14:05:37] --------------------------------------------------------------------
[INFO (version 1) 14:05:37] msf.db (sqlite) took 620 ms to connect
SLF4J: Failed to load class "org.slf4j.impl.StaticLoggerBinder".
SLF4J: Defaulting to no-operation (NOP) logger implementation
SLF4J: See http://www.slf4j.org/codes.html#StaticLoggerBinder for further details.
java.lang.NullPointerException
	at web.api.Patient.doGet(Patient.java:38)
	at javax.servlet.http.HttpServlet.service(HttpServlet.java:668)
	at javax.servlet.http.HttpServlet.service(HttpServlet.java:770)
	at org.eclipse.jetty.servlet.ServletHolder.handle(ServletHolder.java:696)
	at org.eclipse.jetty.servlet.ServletHandler.doHandle(ServletHandler.java:521)
	at org.eclipse.jetty.servlet.ServletHandler.doScope(ServletHandler.java:450)
	at org.eclipse.jetty.server.handler.ScopedHandler.handle(ScopedHandler.java:136)
	at org.eclipse.jetty.server.handler.HandlerWrapper.handle(HandlerWrapper.java:97)
	at org.eclipse.jetty.server.Server.handle(Server.java:446)
	at org.eclipse.jetty.server.HttpChannel.handle(HttpChannel.java:271)
	at org.eclipse.jetty.server.HttpConnection.onFillable(HttpConnection.java:246)
	at org.eclipse.jetty.io.AbstractConnection$ReadCallback.run(AbstractConnection.java:358)
	at org.eclipse.jetty.util.thread.QueuedThreadPool.runJob(QueuedThreadPool.java:601)
	at org.eclipse.jetty.util.thread.QueuedThreadPool$3.run(QueuedThreadPool.java:532)
	at java.lang.Thread.run(Thread.java:745)
[RESTART (version 1) 14:06:28] --------------------------------------------------------------------
[INFO (version 1) 14:06:28] msf.db (sqlite) took 622 ms to connect
SLF4J: Failed to load class "org.slf4j.impl.StaticLoggerBinder".
SLF4J: Defaulting to no-operation (NOP) logger implementation
SLF4J: See http://www.slf4j.org/codes.html#StaticLoggerBinder for further details.
java.lang.NullPointerException
	at web.api.Patient.doGet(Patient.java:39)
	at javax.servlet.http.HttpServlet.service(HttpServlet.java:668)
	at javax.servlet.http.HttpServlet.service(HttpServlet.java:770)
	at org.eclipse.jetty.servlet.ServletHolder.handle(ServletHolder.java:696)
	at org.eclipse.jetty.servlet.ServletHandler.doHandle(ServletHandler.java:521)
	at org.eclipse.jetty.servlet.ServletHandler.doScope(ServletHandler.java:450)
	at org.eclipse.jetty.server.handler.ScopedHandler.handle(ScopedHandler.java:136)
	at org.eclipse.jetty.server.handler.HandlerWrapper.handle(HandlerWrapper.java:97)
	at org.eclipse.jetty.server.Server.handle(Server.java:446)
	at org.eclipse.jetty.server.HttpChannel.handle(HttpChannel.java:271)
	at org.eclipse.jetty.server.HttpConnection.onFillable(HttpConnection.java:246)
	at org.eclipse.jetty.io.AbstractConnection$ReadCallback.run(AbstractConnection.java:358)
	at org.eclipse.jetty.util.thread.QueuedThreadPool.runJob(QueuedThreadPool.java:601)
	at org.eclipse.jetty.util.thread.QueuedThreadPool$3.run(QueuedThreadPool.java:532)
	at java.lang.Thread.run(Thread.java:745)
[RESTART (version 1) 14:08:10] --------------------------------------------------------------------
[INFO (version 1) 14:08:10] msf.db (sqlite) took 606 ms to connect
SLF4J: Failed to load class "org.slf4j.impl.StaticLoggerBinder".
SLF4J: Defaulting to no-operation (NOP) logger implementation
SLF4J: See http://www.slf4j.org/codes.html#StaticLoggerBinder for further details.
java.lang.NullPointerException
	at web.api.Patient.doGet(Patient.java:40)
	at javax.servlet.http.HttpServlet.service(HttpServlet.java:668)
	at javax.servlet.http.HttpServlet.service(HttpServlet.java:770)
	at org.eclipse.jetty.servlet.ServletHolder.handle(ServletHolder.java:696)
	at org.eclipse.jetty.servlet.ServletHandler.doHandle(ServletHandler.java:521)
	at org.eclipse.jetty.servlet.ServletHandler.doScope(ServletHandler.java:450)
	at org.eclipse.jetty.server.handler.ScopedHandler.handle(ScopedHandler.java:136)
	at org.eclipse.jetty.server.handler.HandlerWrapper.handle(HandlerWrapper.java:97)
	at org.eclipse.jetty.server.Server.handle(Server.java:446)
	at org.eclipse.jetty.server.HttpChannel.handle(HttpChannel.java:271)
	at org.eclipse.jetty.server.HttpConnection.onFillable(HttpConnection.java:246)
	at org.eclipse.jetty.io.AbstractConnection$ReadCallback.run(AbstractConnection.java:358)
	at org.eclipse.jetty.util.thread.QueuedThreadPool.runJob(QueuedThreadPool.java:601)
	at org.eclipse.jetty.util.thread.QueuedThreadPool$3.run(QueuedThreadPool.java:532)
	at java.lang.Thread.run(Thread.java:745)
[RESTART (version 1) 14:09:29] --------------------------------------------------------------------
[INFO (version 1) 14:09:29] msf.db (sqlite) took 602 ms to connect
SLF4J: Failed to load class "org.slf4j.impl.StaticLoggerBinder".
SLF4J: Defaulting to no-operation (NOP) logger implementation
SLF4J: See http://www.slf4j.org/codes.html#StaticLoggerBinder for further details.
java.lang.NullPointerException
	at web.api.Patient.doGet(Patient.java:41)
	at javax.servlet.http.HttpServlet.service(HttpServlet.java:668)
	at javax.servlet.http.HttpServlet.service(HttpServlet.java:770)
	at org.eclipse.jetty.servlet.ServletHolder.handle(ServletHolder.java:696)
	at org.eclipse.jetty.servlet.ServletHandler.doHandle(ServletHandler.java:521)
	at org.eclipse.jetty.servlet.ServletHandler.doScope(ServletHandler.java:450)
	at org.eclipse.jetty.server.handler.ScopedHandler.handle(ScopedHandler.java:136)
	at org.eclipse.jetty.server.handler.HandlerWrapper.handle(HandlerWrapper.java:97)
	at org.eclipse.jetty.server.Server.handle(Server.java:446)
	at org.eclipse.jetty.server.HttpChannel.handle(HttpChannel.java:271)
	at org.eclipse.jetty.server.HttpConnection.onFillable(HttpConnection.java:246)
	at org.eclipse.jetty.io.AbstractConnection$ReadCallback.run(AbstractConnection.java:358)
	at org.eclipse.jetty.util.thread.QueuedThreadPool.runJob(QueuedThreadPool.java:601)
	at org.eclipse.jetty.util.thread.QueuedThreadPool$3.run(QueuedThreadPool.java:532)
	at java.lang.Thread.run(Thread.java:745)
[RESTART (version 1) 14:10:09] --------------------------------------------------------------------
[INFO (version 1) 14:10:09] msf.db (sqlite) took 637 ms to connect
SLF4J: Failed to load class "org.slf4j.impl.StaticLoggerBinder".
SLF4J: Defaulting to no-operation (NOP) logger implementation
SLF4J: See http://www.slf4j.org/codes.html#StaticLoggerBinder for further details.
java.lang.NullPointerException
	at web.api.Patient.doGet(Patient.java:41)
	at javax.servlet.http.HttpServlet.service(HttpServlet.java:668)
	at javax.servlet.http.HttpServlet.service(HttpServlet.java:770)
	at org.eclipse.jetty.servlet.ServletHolder.handle(ServletHolder.java:696)
	at org.eclipse.jetty.servlet.ServletHandler.doHandle(ServletHandler.java:521)
	at org.eclipse.jetty.servlet.ServletHandler.doScope(ServletHandler.java:450)
	at org.eclipse.jetty.server.handler.ScopedHandler.handle(ScopedHandler.java:136)
	at org.eclipse.jetty.server.handler.HandlerWrapper.handle(HandlerWrapper.java:97)
	at org.eclipse.jetty.server.Server.handle(Server.java:446)
	at org.eclipse.jetty.server.HttpChannel.handle(HttpChannel.java:271)
	at org.eclipse.jetty.server.HttpConnection.onFillable(HttpConnection.java:246)
	at org.eclipse.jetty.io.AbstractConnection$ReadCallback.run(AbstractConnection.java:358)
	at org.eclipse.jetty.util.thread.QueuedThreadPool.runJob(QueuedThreadPool.java:601)
	at org.eclipse.jetty.util.thread.QueuedThreadPool$3.run(QueuedThreadPool.java:532)
	at java.lang.Thread.run(Thread.java:745)
[RESTART (version 1) 14:10:42] --------------------------------------------------------------------
[INFO (version 1) 14:10:42] msf.db (sqlite) took 609 ms to connect
SLF4J: Failed to load class "org.slf4j.impl.StaticLoggerBinder".
SLF4J: Defaulting to no-operation (NOP) logger implementation
SLF4J: See http://www.slf4j.org/codes.html#StaticLoggerBinder for further details.
java.lang.NullPointerException
	at web.api.Patient.doGet(Patient.java:41)
	at javax.servlet.http.HttpServlet.service(HttpServlet.java:668)
	at javax.servlet.http.HttpServlet.service(HttpServlet.java:770)
	at org.eclipse.jetty.servlet.ServletHolder.handle(ServletHolder.java:696)
	at org.eclipse.jetty.servlet.ServletHandler.doHandle(ServletHandler.java:521)
	at org.eclipse.jetty.servlet.ServletHandler.doScope(ServletHandler.java:450)
	at org.eclipse.jetty.server.handler.ScopedHandler.handle(ScopedHandler.java:136)
	at org.eclipse.jetty.server.handler.HandlerWrapper.handle(HandlerWrapper.java:97)
	at org.eclipse.jetty.server.Server.handle(Server.java:446)
	at org.eclipse.jetty.server.HttpChannel.handle(HttpChannel.java:271)
	at org.eclipse.jetty.server.HttpConnection.onFillable(HttpConnection.java:246)
	at org.eclipse.jetty.io.AbstractConnection$ReadCallback.run(AbstractConnection.java:358)
	at org.eclipse.jetty.util.thread.QueuedThreadPool.runJob(QueuedThreadPool.java:601)
	at org.eclipse.jetty.util.thread.QueuedThreadPool$3.run(QueuedThreadPool.java:532)
	at java.lang.Thread.run(Thread.java:745)
java.lang.NullPointerException
	at web.api.Patient.doGet(Patient.java:41)
	at javax.servlet.http.HttpServlet.service(HttpServlet.java:668)
	at javax.servlet.http.HttpServlet.service(HttpServlet.java:770)
	at org.eclipse.jetty.servlet.ServletHolder.handle(ServletHolder.java:696)
	at org.eclipse.jetty.servlet.ServletHandler.doHandle(ServletHandler.java:521)
	at org.eclipse.jetty.servlet.ServletHandler.doScope(ServletHandler.java:450)
	at org.eclipse.jetty.server.handler.ScopedHandler.handle(ScopedHandler.java:136)
	at org.eclipse.jetty.server.handler.HandlerWrapper.handle(HandlerWrapper.java:97)
	at org.eclipse.jetty.server.Server.handle(Server.java:446)
	at org.eclipse.jetty.server.HttpChannel.handle(HttpChannel.java:271)
	at org.eclipse.jetty.server.HttpConnection.onFillable(HttpConnection.java:246)
	at org.eclipse.jetty.io.AbstractConnection$ReadCallback.run(AbstractConnection.java:358)
	at org.eclipse.jetty.util.thread.QueuedThreadPool.runJob(QueuedThreadPool.java:601)
	at org.eclipse.jetty.util.thread.QueuedThreadPool$3.run(QueuedThreadPool.java:532)
	at java.lang.Thread.run(Thread.java:745)
java.lang.NullPointerException
	at web.api.Patient.doGet(Patient.java:41)
	at javax.servlet.http.HttpServlet.service(HttpServlet.java:668)
	at javax.servlet.http.HttpServlet.service(HttpServlet.java:770)
	at org.eclipse.jetty.servlet.ServletHolder.handle(ServletHolder.java:696)
	at org.eclipse.jetty.servlet.ServletHandler.doHandle(ServletHandler.java:521)
	at org.eclipse.jetty.servlet.ServletHandler.doScope(ServletHandler.java:450)
	at org.eclipse.jetty.server.handler.ScopedHandler.handle(ScopedHandler.java:136)
	at org.eclipse.jetty.server.handler.HandlerWrapper.handle(HandlerWrapper.java:97)
	at org.eclipse.jetty.server.Server.handle(Server.java:446)
	at org.eclipse.jetty.server.HttpChannel.handle(HttpChannel.java:271)
	at org.eclipse.jetty.server.HttpConnection.onFillable(HttpConnection.java:246)
	at org.eclipse.jetty.io.AbstractConnection$ReadCallback.run(AbstractConnection.java:358)
	at org.eclipse.jetty.util.thread.QueuedThreadPool.runJob(QueuedThreadPool.java:601)
	at org.eclipse.jetty.util.thread.QueuedThreadPool$3.run(QueuedThreadPool.java:532)
	at java.lang.Thread.run(Thread.java:745)
java.lang.NullPointerException
	at web.api.Patient.doGet(Patient.java:41)
	at javax.servlet.http.HttpServlet.service(HttpServlet.java:668)
	at javax.servlet.http.HttpServlet.service(HttpServlet.java:770)
	at org.eclipse.jetty.servlet.ServletHolder.handle(ServletHolder.java:696)
	at org.eclipse.jetty.servlet.ServletHandler.doHandle(ServletHandler.java:521)
	at org.eclipse.jetty.servlet.ServletHandler.doScope(ServletHandler.java:450)
	at org.eclipse.jetty.server.handler.ScopedHandler.handle(ScopedHandler.java:136)
	at org.eclipse.jetty.server.handler.HandlerWrapper.handle(HandlerWrapper.java:97)
	at org.eclipse.jetty.server.Server.handle(Server.java:446)
	at org.eclipse.jetty.server.HttpChannel.handle(HttpChannel.java:271)
	at org.eclipse.jetty.server.HttpConnection.onFillable(HttpConnection.java:246)
	at org.eclipse.jetty.io.AbstractConnection$ReadCallback.run(AbstractConnection.java:358)
	at org.eclipse.jetty.util.thread.QueuedThreadPool.runJob(QueuedThreadPool.java:601)
	at org.eclipse.jetty.util.thread.QueuedThreadPool$3.run(QueuedThreadPool.java:532)
	at java.lang.Thread.run(Thread.java:745)
[RESTART (version 1) 14:11:26] --------------------------------------------------------------------
[INFO (version 1) 14:11:26] msf.db (sqlite) took 602 ms to connect
SLF4J: Failed to load class "org.slf4j.impl.StaticLoggerBinder".
SLF4J: Defaulting to no-operation (NOP) logger implementation
SLF4J: See http://www.slf4j.org/codes.html#StaticLoggerBinder for further details.
[RESTART (version 1) 14:12:12] --------------------------------------------------------------------
[INFO (version 1) 14:12:12] msf.db (sqlite) took 617 ms to connect
SLF4J: Failed to load class "org.slf4j.impl.StaticLoggerBinder".
SLF4J: Defaulting to no-operation (NOP) logger implementation
SLF4J: See http://www.slf4j.org/codes.html#StaticLoggerBinder for further details.
[RESTART (version 1) 14:27:28] --------------------------------------------------------------------
[INFO (version 1) 14:27:28] msf.db (sqlite) took 624 ms to connect
SLF4J: Failed to load class "org.slf4j.impl.StaticLoggerBinder".
SLF4J: Defaulting to no-operation (NOP) logger implementation
SLF4J: See http://www.slf4j.org/codes.html#StaticLoggerBinder for further details.
[RESTART (version 1) 14:36:59] --------------------------------------------------------------------
[INFO (version 1) 14:36:59] msf.db (sqlite) took 601 ms to connect
SLF4J: Failed to load class "org.slf4j.impl.StaticLoggerBinder".
SLF4J: Defaulting to no-operation (NOP) logger implementation
SLF4J: See http://www.slf4j.org/codes.html#StaticLoggerBinder for further details.
[RESTART (version 1) 14:46:21] --------------------------------------------------------------------
[INFO (version 1) 14:46:21] msf.db (sqlite) took 623 ms to connect
SLF4J: Failed to load class "org.slf4j.impl.StaticLoggerBinder".
SLF4J: Defaulting to no-operation (NOP) logger implementation
SLF4J: See http://www.slf4j.org/codes.html#StaticLoggerBinder for further details.
[RESTART (version 1) 14:49:41] --------------------------------------------------------------------
[INFO (version 1) 14:49:41] msf.db (sqlite) took 615 ms to connect
SLF4J: Failed to load class "org.slf4j.impl.StaticLoggerBinder".
SLF4J: Defaulting to no-operation (NOP) logger implementation
SLF4J: See http://www.slf4j.org/codes.html#StaticLoggerBinder for further details.
[RESTART (version 1) 14:55:31] --------------------------------------------------------------------
[INFO (version 1) 14:55:31] msf.db (sqlite) took 616 ms to connect
SLF4J: Failed to load class "org.slf4j.impl.StaticLoggerBinder".
SLF4J: Defaulting to no-operation (NOP) logger implementation
SLF4J: See http://www.slf4j.org/codes.html#StaticLoggerBinder for further details.
java.lang.NullPointerException
	at web.api.Patient.doGet(Patient.java:41)
	at javax.servlet.http.HttpServlet.service(HttpServlet.java:668)
	at javax.servlet.http.HttpServlet.service(HttpServlet.java:770)
	at org.eclipse.jetty.servlet.ServletHolder.handle(ServletHolder.java:696)
	at org.eclipse.jetty.servlet.ServletHandler.doHandle(ServletHandler.java:521)
	at org.eclipse.jetty.servlet.ServletHandler.doScope(ServletHandler.java:450)
	at org.eclipse.jetty.server.handler.ScopedHandler.handle(ScopedHandler.java:136)
	at org.eclipse.jetty.server.handler.HandlerWrapper.handle(HandlerWrapper.java:97)
	at org.eclipse.jetty.server.Server.handle(Server.java:446)
	at org.eclipse.jetty.server.HttpChannel.handle(HttpChannel.java:271)
	at org.eclipse.jetty.server.HttpConnection.onFillable(HttpConnection.java:246)
	at org.eclipse.jetty.io.AbstractConnection$ReadCallback.run(AbstractConnection.java:358)
	at org.eclipse.jetty.util.thread.QueuedThreadPool.runJob(QueuedThreadPool.java:601)
	at org.eclipse.jetty.util.thread.QueuedThreadPool$3.run(QueuedThreadPool.java:532)
	at java.lang.Thread.run(Thread.java:745)
[RESTART (version 1) 14:57:13] --------------------------------------------------------------------
[INFO (version 1) 14:57:13] msf.db (sqlite) took 620 ms to connect
SLF4J: Failed to load class "org.slf4j.impl.StaticLoggerBinder".
SLF4J: Defaulting to no-operation (NOP) logger implementation
SLF4J: See http://www.slf4j.org/codes.html#StaticLoggerBinder for further details.
[RESTART (version 1) 17:04:02] --------------------------------------------------------------------
[INFO (version 1) 17:04:02] msf.db (sqlite) took 625 ms to connect
SLF4J: Failed to load class "org.slf4j.impl.StaticLoggerBinder".
SLF4J: Defaulting to no-operation (NOP) logger implementation
SLF4J: See http://www.slf4j.org/codes.html#StaticLoggerBinder for further details.
[RESTART (version 1) 17:04:21] --------------------------------------------------------------------
[INFO (version 1) 17:04:21] msf.db (sqlite) took 622 ms to connect
SLF4J: Failed to load class "org.slf4j.impl.StaticLoggerBinder".
SLF4J: Defaulting to no-operation (NOP) logger implementation
SLF4J: See http://www.slf4j.org/codes.html#StaticLoggerBinder for further details.
[RESTART (version 1) 17:06:09] --------------------------------------------------------------------
[INFO (version 1) 17:06:09] msf.db (sqlite) took 653 ms to connect
SLF4J: Failed to load class "org.slf4j.impl.StaticLoggerBinder".
SLF4J: Defaulting to no-operation (NOP) logger implementation
SLF4J: See http://www.slf4j.org/codes.html#StaticLoggerBinder for further details.
[RESTART (version 1) 17:29:27] --------------------------------------------------------------------
[INFO (version 1) 17:29:27] msf.db (sqlite) took 642 ms to connect
SLF4J: Failed to load class "org.slf4j.impl.StaticLoggerBinder".
SLF4J: Defaulting to no-operation (NOP) logger implementation
SLF4J: See http://www.slf4j.org/codes.html#StaticLoggerBinder for further details.
[RESTART (version 1) 17:30:52] --------------------------------------------------------------------
[INFO (version 1) 17:30:52] msf.db (sqlite) took 618 ms to connect
SLF4J: Failed to load class "org.slf4j.impl.StaticLoggerBinder".
SLF4J: Defaulting to no-operation (NOP) logger implementation
SLF4J: See http://www.slf4j.org/codes.html#StaticLoggerBinder for further details.
[RESTART (version 1) 17:32:16] --------------------------------------------------------------------
[INFO (version 1) 17:32:16] msf.db (sqlite) took 646 ms to connect
SLF4J: Failed to load class "org.slf4j.impl.StaticLoggerBinder".
SLF4J: Defaulting to no-operation (NOP) logger implementation
SLF4J: See http://www.slf4j.org/codes.html#StaticLoggerBinder for further details.
[RESTART (version 1) 17:33:21] --------------------------------------------------------------------
[INFO (version 1) 17:33:21] msf.db (sqlite) took 622 ms to connect
SLF4J: Failed to load class "org.slf4j.impl.StaticLoggerBinder".
SLF4J: Defaulting to no-operation (NOP) logger implementation
SLF4J: See http://www.slf4j.org/codes.html#StaticLoggerBinder for further details.
[RESTART (version 1) 17:37:01] --------------------------------------------------------------------
[INFO (version 1) 17:37:01] msf.db (sqlite) took 645 ms to connect
SLF4J: Failed to load class "org.slf4j.impl.StaticLoggerBinder".
SLF4J: Defaulting to no-operation (NOP) logger implementation
SLF4J: See http://www.slf4j.org/codes.html#StaticLoggerBinder for further details.
[RESTART (version 1) 17:37:47] --------------------------------------------------------------------
[INFO (version 1) 17:37:47] msf.db (sqlite) took 603 ms to connect
SLF4J: Failed to load class "org.slf4j.impl.StaticLoggerBinder".
SLF4J: Defaulting to no-operation (NOP) logger implementation
SLF4J: See http://www.slf4j.org/codes.html#StaticLoggerBinder for further details.
[RESTART (version 1) 17:40:24] --------------------------------------------------------------------
[INFO (version 1) 17:40:24] msf.db (sqlite) took 632 ms to connect
SLF4J: Failed to load class "org.slf4j.impl.StaticLoggerBinder".
SLF4J: Defaulting to no-operation (NOP) logger implementation
SLF4J: See http://www.slf4j.org/codes.html#StaticLoggerBinder for further details.
[RESTART (version 1) 17:48:47] --------------------------------------------------------------------
[INFO (version 1) 17:48:47] msf.db (sqlite) took 706 ms to connect
SLF4J: Failed to load class "org.slf4j.impl.StaticLoggerBinder".
SLF4J: Defaulting to no-operation (NOP) logger implementation
SLF4J: See http://www.slf4j.org/codes.html#StaticLoggerBinder for further details.
[Jetty problem (version 1) 17:48:47]java.net.SocketException: Permission denied
	at sun.nio.ch.Net.bind0(Native Method)
	at sun.nio.ch.Net.bind(Net.java:444)
	at sun.nio.ch.Net.bind(Net.java:436)
	at sun.nio.ch.ServerSocketChannelImpl.bind(ServerSocketChannelImpl.java:214)
	at sun.nio.ch.ServerSocketAdaptor.bind(ServerSocketAdaptor.java:74)
	at org.eclipse.jetty.server.ServerConnector.open(ServerConnector.java:264)
	at org.eclipse.jetty.server.AbstractNetworkConnector.doStart(AbstractNetworkConnector.java:80)
	at org.eclipse.jetty.util.component.AbstractLifeCycle.start(AbstractLifeCycle.java:69)
	at org.eclipse.jetty.server.Server.doStart(Server.java:303)
	at org.eclipse.jetty.util.component.AbstractLifeCycle.start(AbstractLifeCycle.java:69)
	at web.JettyServer.start(JettyServer.java:58)
	at server.Server.main(Server.java:158)
	at sun.reflect.NativeMethodAccessorImpl.invoke0(Native Method)
	at sun.reflect.NativeMethodAccessorImpl.invoke(NativeMethodAccessorImpl.java:57)
	at sun.reflect.DelegatingMethodAccessorImpl.invoke(DelegatingMethodAccessorImpl.java:43)
	at java.lang.reflect.Method.invoke(Method.java:606)
	at com.intellij.rt.execution.application.AppMain.main(AppMain.java:134)
[INFO (version 1) 17:48:47] The server was successfully restarted
[RESTART (version 1) 17:53:45] --------------------------------------------------------------------
[INFO (version 1) 17:53:45] msf.db (sqlite) took 635 ms to connect
SLF4J: Failed to load class "org.slf4j.impl.StaticLoggerBinder".
SLF4J: Defaulting to no-operation (NOP) logger implementation
SLF4J: See http://www.slf4j.org/codes.html#StaticLoggerBinder for further details.
[Jetty problem (version 1) 17:53:45]java.net.SocketException: Permission denied
	at sun.nio.ch.Net.bind0(Native Method)
	at sun.nio.ch.Net.bind(Net.java:444)
	at sun.nio.ch.Net.bind(Net.java:436)
	at sun.nio.ch.ServerSocketChannelImpl.bind(ServerSocketChannelImpl.java:214)
	at sun.nio.ch.ServerSocketAdaptor.bind(ServerSocketAdaptor.java:74)
	at org.eclipse.jetty.server.ServerConnector.open(ServerConnector.java:264)
	at org.eclipse.jetty.server.AbstractNetworkConnector.doStart(AbstractNetworkConnector.java:80)
	at org.eclipse.jetty.util.component.AbstractLifeCycle.start(AbstractLifeCycle.java:69)
	at org.eclipse.jetty.server.Server.doStart(Server.java:303)
	at org.eclipse.jetty.util.component.AbstractLifeCycle.start(AbstractLifeCycle.java:69)
	at web.JettyServer.start(JettyServer.java:58)
	at server.Server.main(Server.java:158)
	at sun.reflect.NativeMethodAccessorImpl.invoke0(Native Method)
	at sun.reflect.NativeMethodAccessorImpl.invoke(NativeMethodAccessorImpl.java:57)
	at sun.reflect.DelegatingMethodAccessorImpl.invoke(DelegatingMethodAccessorImpl.java:43)
	at java.lang.reflect.Method.invoke(Method.java:606)
	at com.intellij.rt.execution.application.AppMain.main(AppMain.java:134)
[INFO (version 1) 17:53:45] The server was successfully restarted
[RESTART (version 1) 17:54:01] --------------------------------------------------------------------
[INFO (version 1) 17:54:01] msf.db (sqlite) took 620 ms to connect
SLF4J: Failed to load class "org.slf4j.impl.StaticLoggerBinder".
SLF4J: Defaulting to no-operation (NOP) logger implementation
SLF4J: See http://www.slf4j.org/codes.html#StaticLoggerBinder for further details.
[RESTART (version 1) 18:20:22] --------------------------------------------------------------------
[INFO (version 1) 18:20:22] msf.db (sqlite) took 622 ms to connect
SLF4J: Failed to load class "org.slf4j.impl.StaticLoggerBinder".
SLF4J: Defaulting to no-operation (NOP) logger implementation
SLF4J: See http://www.slf4j.org/codes.html#StaticLoggerBinder for further details.
